[17Feb2025 18:23:56.789] [main/INFO] [cpw.mods.modlauncher.Launcher/MODLAUNCHER]: ModLauncher running: args [--launchTarget, forgeclientuserdev, --version, 21.1.65, --assetIndex, 17, --assetsDir, C:\\Users\\client1\\.mcreator\\gradle\\caches\\neoformruntime\\assets, --gameDir, ., --fml.neoForgeVersion, 21.1.65, --fml.fmlVersion, 4.0.24, --fml.mcVersion, 1.21.1, --fml.neoFormVersion, 20240808.144430]
[17Feb2025 18:23:56.800] [main/INFO] [cpw.mods.modlauncher.Launcher/MODLAUNCHER]: JVM identified as Eclipse Adoptium OpenJDK 64-Bit Server VM 21.0.4+7-LTS
[17Feb2025 18:23:56.803] [main/INFO] [cpw.mods.modlauncher.Launcher/MODLAUNCHER]: ModLauncher 11.0.4+main.d2e20e43 starting: java version 21.0.4 by Eclipse Adoptium; OS Windows 11 arch amd64 version 10.0
[17Feb2025 18:23:57.271] [main/INFO] [net.neoforged.fml.loading.ImmediateWindowHandler/]: Loading ImmediateWindowProvider fmlearlywindow
[17Feb2025 18:23:57.623] [main/INFO] [EARLYDISPLAY/]: Trying GL version 4.6
[17Feb2025 18:23:57.733] [main/INFO] [EARLYDISPLAY/]: Requested GL version 4.6 got version 4.6
[17Feb2025 18:23:58.218] [main/INFO] [mixin/]: SpongePowered MIXIN Subsystem Version=0.8.7 Source=union:/C:/Users/client1/.mcreator/gradle/caches/modules-2/files-2.1/net.fabricmc/sponge-mixin/0.15.2+mixin.0.8.7/2af2f021d8e02a0220dc27a7a72b4666d66d44ca/sponge-mixin-0.15.2+mixin.0.8.7.jar%23131!/ Service=ModLauncher Env=CLIENT
[17Feb2025 18:24:00.258] [pool-2-thread-1/INFO] [EARLYDISPLAY/]: GL info: Intel(R) HD Graphics 520 GL version 4.6.0 - Build 31.0.101.2111, Intel
[17Feb2025 18:24:00.615] [main/INFO] [net.neoforged.fml.loading.moddiscovery.locators.JarInJarDependencyLocator/]: Found 2 dependencies adding them to mods collection
[17Feb2025 18:24:06.318] [main/INFO] [cpw.mods.modlauncher.LaunchServiceHandler/MODLAUNCHER]: Launching target 'forgeclientuserdev' with arguments [--version, 21.1.65, --gameDir, ., --assetsDir, C:\Users\client1\.mcreator\gradle\caches\neoformruntime\assets, --assetIndex, 17]
[17Feb2025 18:24:18.059] [pool-7-thread-1/INFO] [MixinExtras|Service/]: Initializing MixinExtras via com.llamalad7.mixinextras.service.MixinExtrasServiceImpl(version=0.4.1).
[17Feb2025 18:24:22.532] [Datafixer Bootstrap/INFO] [com.mojang.datafixers.DataFixerBuilder/]: 229 Datafixer optimizations took 7281 milliseconds
[17Feb2025 18:24:44.448] [main/WARN] [net.minecraft.commands.Commands/]: Ambiguity between arguments [teleport, location] and [teleport, destination] with inputs: [0.1 -0.5 .9, 0 0 0]
[17Feb2025 18:24:44.457] [main/WARN] [net.minecraft.commands.Commands/]: Ambiguity between arguments [teleport, location] and [teleport, targets] with inputs: [0.1 -0.5 .9, 0 0 0]
[17Feb2025 18:24:44.471] [main/WARN] [net.minecraft.commands.Commands/]: Ambiguity between arguments [teleport, destination] and [teleport, targets] with inputs: [Player, 0123, @e, dd12be42-52a9-4a91-a8a1-11c01849e498]
[17Feb2025 18:24:44.479] [main/WARN] [net.minecraft.commands.Commands/]: Ambiguity between arguments [teleport, targets] and [teleport, destination] with inputs: [Player, 0123, dd12be42-52a9-4a91-a8a1-11c01849e498]
[17Feb2025 18:24:44.486] [main/WARN] [net.minecraft.commands.Commands/]: Ambiguity between arguments [teleport, targets, location] and [teleport, targets, destination] with inputs: [0.1 -0.5 .9, 0 0 0]
[17Feb2025 18:24:45.187] [Render thread/WARN] [net.minecraft.server.packs.VanillaPackResourcesBuilder/]: Assets URL 'union:/C:/Users/client1/MCreatorWorkspaces/renewed_this/build/moddev/artifacts/neoforge-21.1.65-minecraft.jar%23183!/assets/.mcassetsroot' uses unexpected schema
[17Feb2025 18:24:45.188] [Render thread/WARN] [net.minecraft.server.packs.VanillaPackResourcesBuilder/]: Assets URL 'union:/C:/Users/client1/MCreatorWorkspaces/renewed_this/build/moddev/artifacts/neoforge-21.1.65-minecraft.jar%23183!/data/.mcassetsroot' uses unexpected schema
[17Feb2025 18:24:45.341] [Render thread/INFO] [com.mojang.authlib.yggdrasil.YggdrasilAuthenticationService/]: Environment: Environment[sessionHost=https://sessionserver.mojang.com, servicesHost=https://api.minecraftservices.com, name=PROD]
[17Feb2025 18:24:45.502] [Render thread/INFO] [net.minecraft.client.Minecraft/]: Setting user: Dev
[17Feb2025 18:24:46.009] [Render thread/INFO] [net.minecraft.client.Minecraft/]: Backend library: LWJGL version 3.3.3+5
[17Feb2025 18:24:47.720] [modloading-worker-0/INFO] [net.neoforged.neoforge.common.NeoForgeMod/NEOFORGE-MOD]: NeoForge mod loading, version 21.1.65, for MC 1.21.1
[17Feb2025 18:24:50.772] [Render thread/INFO] [net.neoforged.neoforge.gametest.GameTestHooks/]: Enabled Gametest Namespaces: []
[17Feb2025 18:24:51.753] [Render thread/INFO] [net.minecraft.server.packs.resources.ReloadableResourceManager/]: Reloading ResourceManager: vanilla, mod_resources, mod/neoforge, mod/renewed_this
[17Feb2025 18:24:52.479] [Worker-Main-2/INFO] [net.minecraft.client.gui.font.providers.UnihexProvider/]: Found unifont_all_no_pua-15.1.05.hex, loading
[17Feb2025 18:24:55.997] [Worker-Main-2/INFO] [net.minecraft.client.gui.font.providers.UnihexProvider/]: Found unifont_jp_patch-15.1.05.hex, loading
[17Feb2025 18:25:03.949] [Render thread/WARN] [net.minecraft.client.sounds.SoundEngine/]: Missing sound for event: minecraft:item.goat_horn.play
[17Feb2025 18:25:03.950] [Render thread/WARN] [net.minecraft.client.sounds.SoundEngine/]: Missing sound for event: minecraft:entity.goat.screaming.horn_break
[17Feb2025 18:25:04.288] [Render thread/INFO] [com.mojang.blaze3d.audio.Library/]: OpenAL initialized on device OpenAL Soft on Haut-parleurs / écouteurs (Realtek Audio)
[17Feb2025 18:25:04.289] [Render thread/INFO] [net.minecraft.client.sounds.SoundEngine/SOUNDS]: Sound engine started
[17Feb2025 18:25:04.573] [Render thread/INFO] [net.minecraft.client.renderer.texture.TextureAtlas/]: Created: 1024x512x2 minecraft:textures/atlas/blocks.png-atlas
[17Feb2025 18:25:05.298] [Render thread/INFO] [net.minecraft.client.renderer.texture.TextureAtlas/]: Created: 256x256x2 minecraft:textures/atlas/signs.png-atlas
[17Feb2025 18:25:05.313] [Render thread/INFO] [net.minecraft.client.renderer.texture.TextureAtlas/]: Created: 512x512x2 minecraft:textures/atlas/banner_patterns.png-atlas
[17Feb2025 18:25:05.342] [Render thread/INFO] [net.minecraft.client.renderer.texture.TextureAtlas/]: Created: 512x512x2 minecraft:textures/atlas/shield_patterns.png-atlas
[17Feb2025 18:25:05.381] [Render thread/INFO] [net.minecraft.client.renderer.texture.TextureAtlas/]: Created: 1024x1024x2 minecraft:textures/atlas/armor_trims.png-atlas
[17Feb2025 18:25:05.653] [Render thread/INFO] [net.minecraft.client.renderer.texture.TextureAtlas/]: Created: 256x256x2 minecraft:textures/atlas/chest.png-atlas
[17Feb2025 18:25:05.656] [Render thread/INFO] [net.minecraft.client.renderer.texture.TextureAtlas/]: Created: 128x64x2 minecraft:textures/atlas/decorated_pot.png-atlas
[17Feb2025 18:25:05.666] [Render thread/INFO] [net.minecraft.client.renderer.texture.TextureAtlas/]: Created: 512x256x2 minecraft:textures/atlas/beds.png-atlas
[17Feb2025 18:25:05.675] [Render thread/INFO] [net.minecraft.client.renderer.texture.TextureAtlas/]: Created: 512x256x2 minecraft:textures/atlas/shulker_boxes.png-atlas
[17Feb2025 18:25:06.072] [Render thread/INFO] [net.minecraft.client.renderer.texture.TextureAtlas/]: Created: 512x256x0 minecraft:textures/atlas/particles.png-atlas
[17Feb2025 18:25:06.129] [Render thread/INFO] [net.minecraft.client.renderer.texture.TextureAtlas/]: Created: 512x256x0 minecraft:textures/atlas/paintings.png-atlas
[17Feb2025 18:25:06.138] [Render thread/INFO] [net.minecraft.client.renderer.texture.TextureAtlas/]: Created: 256x128x0 minecraft:textures/atlas/mob_effects.png-atlas
[17Feb2025 18:25:06.151] [Render thread/INFO] [net.minecraft.client.renderer.texture.TextureAtlas/]: Created: 64x64x0 minecraft:textures/atlas/map_decorations.png-atlas
[17Feb2025 18:25:06.158] [Render thread/INFO] [net.minecraft.client.renderer.texture.TextureAtlas/]: Created: 1024x512x0 minecraft:textures/atlas/gui.png-atlas
[17Feb2025 18:25:07.259] [Render thread/WARN] [net.minecraft.client.renderer.ShaderInstance/]: Shader rendertype_entity_translucent_emissive could not find sampler named Sampler2 in the specified shader program.
[17Feb2025 18:25:09.043] [Render thread/INFO] [net.neoforged.neoforge.client.entity.animation.json.AnimationLoader/]: Loaded 0 entity animations
[17Feb2025 18:25:58.927] [Render thread/INFO] [net.minecraft.world.item.crafting.RecipeManager/]: Loaded 1316 recipes
[17Feb2025 18:25:59.608] [Render thread/INFO] [net.minecraft.advancements.AdvancementTree/]: Loaded 1399 advancements
[17Feb2025 18:26:01.411] [Server thread/INFO] [net.minecraft.client.server.IntegratedServer/]: Starting integrated minecraft server version 1.21.1
[17Feb2025 18:26:01.411] [Server thread/INFO] [net.minecraft.server.MinecraftServer/]: Generating keypair
[17Feb2025 18:26:02.468] [Server thread/INFO] [net.minecraft.server.MinecraftServer/]: Preparing start region for dimension minecraft:overworld
[17Feb2025 18:26:03.138] [progressListener/INFO] [net.minecraft.server.level.progress.LoggerChunkProgressListener/]: Preparing spawn area: 0%
[17Feb2025 18:26:03.138] [progressListener/INFO] [net.minecraft.server.level.progress.LoggerChunkProgressListener/]: Preparing spawn area: 0%
[17Feb2025 18:26:03.481] [Server thread/INFO] [net.neoforged.neoforge.server.permission.PermissionAPI/]: Successfully initialized permission handler neoforge:default_handler
[17Feb2025 18:26:03.495] [progressListener/INFO] [net.minecraft.server.level.progress.LoggerChunkProgressListener/]: Time elapsed: 1003 ms
[17Feb2025 18:26:03.673] [Server thread/INFO] [net.minecraft.client.server.IntegratedServer/]: Changing view distance to 5, from 10
[17Feb2025 18:26:03.673] [Server thread/INFO] [net.minecraft.client.server.IntegratedServer/]: Changing simulation distance to 12, from 0
[17Feb2025 18:26:06.423] [Server thread/INFO] [net.minecraft.server.players.PlayerList/]: Dev[local:E:ce2335dd] logged in with entity id 3 at (-5.562130100804494, -60.0, -3.060388139563747)
[17Feb2025 18:26:06.737] [Server thread/INFO] [net.minecraft.server.MinecraftServer/]: Dev joined the game
[17Feb2025 18:26:07.737] [Render thread/INFO] [net.minecraft.advancements.AdvancementTree/]: Loaded 1337 advancements
[17Feb2025 18:26:13.092] [Server thread/INFO] [net.minecraft.server.MinecraftServer/]: start diffusing :0
[17Feb2025 18:26:13.129] [Render thread/INFO] [net.minecraft.client.gui.components.ChatComponent/]: [System] [CHAT] start diffusing :0
[17Feb2025 18:26:13.388] [Server thread/INFO] [net.minecraft.client.server.IntegratedServer/]: Saving and pausing game...
[17Feb2025 18:26:13.736] [Server thread/INFO] [net.minecraft.server.MinecraftServer/]: Saving chunks for level 'ServerLevel[New World]'/minecraft:overworld
[17Feb2025 18:26:14.111] [Server thread/INFO] [net.minecraft.server.MinecraftServer/]: Saving chunks for level 'ServerLevel[New World]'/minecraft:the_nether
[17Feb2025 18:26:14.374] [Server thread/INFO] [net.minecraft.server.MinecraftServer/]: Saving chunks for level 'ServerLevel[New World]'/minecraft:the_end
[17Feb2025 18:26:20.147] [Server thread/INFO] [net.minecraft.server.MinecraftServer/]: start diffusing :0
[17Feb2025 18:26:20.167] [Render thread/INFO] [net.minecraft.client.gui.components.ChatComponent/]: [System] [CHAT] start diffusing :0
[17Feb2025 18:26:20.187] [Server thread/INFO] [net.minecraft.client.server.IntegratedServer/]: Saving and pausing game...
[17Feb2025 18:26:20.830] [Server thread/INFO] [net.minecraft.server.MinecraftServer/]: Saving chunks for level 'ServerLevel[New World]'/minecraft:overworld
[17Feb2025 18:26:20.855] [Server thread/INFO] [net.minecraft.server.MinecraftServer/]: Saving chunks for level 'ServerLevel[New World]'/minecraft:the_nether
[17Feb2025 18:26:20.905] [Server thread/INFO] [net.minecraft.server.MinecraftServer/]: Saving chunks for level 'ServerLevel[New World]'/minecraft:the_end
[17Feb2025 18:26:22.622] [Server thread/INFO] [net.minecraft.server.MinecraftServer/]: start diffusing :0
[17Feb2025 18:26:22.641] [Render thread/INFO] [net.minecraft.client.gui.components.ChatComponent/]: [System] [CHAT] start diffusing :0
[17Feb2025 18:26:22.739] [Server thread/INFO] [net.minecraft.client.server.IntegratedServer/]: Saving and pausing game...
[17Feb2025 18:26:23.066] [Server thread/INFO] [net.minecraft.server.MinecraftServer/]: Saving chunks for level 'ServerLevel[New World]'/minecraft:overworld
[17Feb2025 18:26:23.236] [Server thread/INFO] [net.minecraft.server.MinecraftServer/]: Saving chunks for level 'ServerLevel[New World]'/minecraft:the_nether
[17Feb2025 18:26:23.610] [Server thread/INFO] [net.minecraft.server.MinecraftServer/]: Saving chunks for level 'ServerLevel[New World]'/minecraft:the_end
[17Feb2025 18:26:31.246] [Server thread/INFO] [net.minecraft.server.MinecraftServer/]: start diffusing :0
[17Feb2025 18:26:31.258] [Render thread/INFO] [net.minecraft.client.gui.components.ChatComponent/]: [System] [CHAT] start diffusing :0
[17Feb2025 18:26:31.288] [Server thread/INFO] [net.minecraft.client.server.IntegratedServer/]: Saving and pausing game...
[17Feb2025 18:26:31.374] [Server thread/INFO] [net.minecraft.server.MinecraftServer/]: Saving chunks for level 'ServerLevel[New World]'/minecraft:overworld
[17Feb2025 18:26:31.392] [Server thread/INFO] [net.minecraft.server.MinecraftServer/]: Saving chunks for level 'ServerLevel[New World]'/minecraft:the_nether
[17Feb2025 18:26:31.406] [Server thread/INFO] [net.minecraft.server.MinecraftServer/]: Saving chunks for level 'ServerLevel[New World]'/minecraft:the_end
[17Feb2025 18:26:32.297] [Server thread/INFO] [net.minecraft.server.MinecraftServer/]: start diffusing :0
[17Feb2025 18:26:32.305] [Render thread/INFO] [net.minecraft.client.gui.components.ChatComponent/]: [System] [CHAT] start diffusing :0
[17Feb2025 18:26:32.336] [Server thread/INFO] [net.minecraft.client.server.IntegratedServer/]: Saving and pausing game...
[17Feb2025 18:26:32.418] [Server thread/INFO] [net.minecraft.server.MinecraftServer/]: Saving chunks for level 'ServerLevel[New World]'/minecraft:overworld
[17Feb2025 18:26:32.439] [Server thread/INFO] [net.minecraft.server.MinecraftServer/]: Saving chunks for level 'ServerLevel[New World]'/minecraft:the_nether
[17Feb2025 18:26:32.452] [Server thread/INFO] [net.minecraft.server.MinecraftServer/]: Saving chunks for level 'ServerLevel[New World]'/minecraft:the_end
[17Feb2025 18:26:32.982] [Server thread/INFO] [net.minecraft.server.MinecraftServer/]: start diffusing :0
[17Feb2025 18:26:32.991] [Render thread/INFO] [net.minecraft.client.gui.components.ChatComponent/]: [System] [CHAT] start diffusing :0
[17Feb2025 18:26:33.037] [Server thread/INFO] [net.minecraft.client.server.IntegratedServer/]: Saving and pausing game...
[17Feb2025 18:26:33.116] [Server thread/INFO] [net.minecraft.server.MinecraftServer/]: Saving chunks for level 'ServerLevel[New World]'/minecraft:overworld
[17Feb2025 18:26:33.133] [Server thread/INFO] [net.minecraft.server.MinecraftServer/]: Saving chunks for level 'ServerLevel[New World]'/minecraft:the_nether
[17Feb2025 18:26:33.149] [Server thread/INFO] [net.minecraft.server.MinecraftServer/]: Saving chunks for level 'ServerLevel[New World]'/minecraft:the_end
[17Feb2025 18:26:33.252] [Server thread/INFO] [net.minecraft.server.MinecraftServer/]: start diffusing :0
[17Feb2025 18:26:33.259] [Render thread/INFO] [net.minecraft.client.gui.components.ChatComponent/]: [System] [CHAT] start diffusing :0
[17Feb2025 18:26:33.287] [Server thread/INFO] [net.minecraft.client.server.IntegratedServer/]: Saving and pausing game...
[17Feb2025 18:26:33.358] [Server thread/INFO] [net.minecraft.server.MinecraftServer/]: Saving chunks for level 'ServerLevel[New World]'/minecraft:overworld
[17Feb2025 18:26:33.377] [Server thread/INFO] [net.minecraft.server.MinecraftServer/]: Saving chunks for level 'ServerLevel[New World]'/minecraft:the_nether
[17Feb2025 18:26:33.392] [Server thread/INFO] [net.minecraft.server.MinecraftServer/]: Saving chunks for level 'ServerLevel[New World]'/minecraft:the_end
[17Feb2025 18:26:33.551] [Server thread/INFO] [net.minecraft.server.MinecraftServer/]: start diffusing :0
[17Feb2025 18:26:33.587] [Render thread/INFO] [net.minecraft.client.gui.components.ChatComponent/]: [System] [CHAT] start diffusing :0
[17Feb2025 18:26:33.636] [Server thread/INFO] [net.minecraft.client.server.IntegratedServer/]: Saving and pausing game...
[17Feb2025 18:26:33.702] [Server thread/INFO] [net.minecraft.server.MinecraftServer/]: Saving chunks for level 'ServerLevel[New World]'/minecraft:overworld
[17Feb2025 18:26:33.721] [Server thread/INFO] [net.minecraft.server.MinecraftServer/]: Saving chunks for level 'ServerLevel[New World]'/minecraft:the_nether
[17Feb2025 18:26:33.741] [Server thread/INFO] [net.minecraft.server.MinecraftServer/]: Saving chunks for level 'ServerLevel[New World]'/minecraft:the_end
[17Feb2025 18:26:34.087] [Server thread/INFO] [net.minecraft.client.server.IntegratedServer/]: Saving and pausing game...
[17Feb2025 18:26:34.172] [Server thread/INFO] [net.minecraft.server.MinecraftServer/]: Saving chunks for level 'ServerLevel[New World]'/minecraft:overworld
[17Feb2025 18:26:34.190] [Server thread/INFO] [net.minecraft.server.MinecraftServer/]: Saving chunks for level 'ServerLevel[New World]'/minecraft:the_nether
[17Feb2025 18:26:34.208] [Server thread/INFO] [net.minecraft.server.MinecraftServer/]: Saving chunks for level 'ServerLevel[New World]'/minecraft:the_end
[17Feb2025 18:26:42.319] [Server thread/INFO] [net.minecraft.server.MinecraftServer/]: start diffusing :0
[17Feb2025 18:26:42.326] [Render thread/INFO] [net.minecraft.client.gui.components.ChatComponent/]: [System] [CHAT] start diffusing :0
[17Feb2025 18:26:42.388] [Server thread/INFO] [net.minecraft.client.server.IntegratedServer/]: Saving and pausing game...
[17Feb2025 18:26:42.479] [Server thread/INFO] [net.minecraft.server.MinecraftServer/]: Saving chunks for level 'ServerLevel[New World]'/minecraft:overworld
[17Feb2025 18:26:42.510] [Server thread/INFO] [net.minecraft.server.MinecraftServer/]: Saving chunks for level 'ServerLevel[New World]'/minecraft:the_nether
[17Feb2025 18:26:42.537] [Server thread/INFO] [net.minecraft.server.MinecraftServer/]: Saving chunks for level 'ServerLevel[New World]'/minecraft:the_end
[17Feb2025 18:26:43.575] [Server thread/INFO] [net.minecraft.server.MinecraftServer/]: start diffusing :0
[17Feb2025 18:26:43.585] [Render thread/INFO] [net.minecraft.client.gui.components.ChatComponent/]: [System] [CHAT] start diffusing :0
[17Feb2025 18:26:43.636] [Server thread/INFO] [net.minecraft.client.server.IntegratedServer/]: Saving and pausing game...
[17Feb2025 18:26:43.702] [Server thread/INFO] [net.minecraft.server.MinecraftServer/]: Saving chunks for level 'ServerLevel[New World]'/minecraft:overworld
[17Feb2025 18:26:43.719] [Server thread/INFO] [net.minecraft.server.MinecraftServer/]: Saving chunks for level 'ServerLevel[New World]'/minecraft:the_nether
[17Feb2025 18:26:43.735] [Server thread/INFO] [net.minecraft.server.MinecraftServer/]: Saving chunks for level 'ServerLevel[New World]'/minecraft:the_end
[17Feb2025 18:26:45.537] [Server thread/INFO] [net.minecraft.client.server.IntegratedServer/]: Saving and pausing game...
[17Feb2025 18:26:45.616] [Server thread/INFO] [net.minecraft.server.MinecraftServer/]: Saving chunks for level 'ServerLevel[New World]'/minecraft:overworld
[17Feb2025 18:26:45.635] [Server thread/INFO] [net.minecraft.server.MinecraftServer/]: Saving chunks for level 'ServerLevel[New World]'/minecraft:the_nether
[17Feb2025 18:26:45.648] [Server thread/INFO] [net.minecraft.server.MinecraftServer/]: Saving chunks for level 'ServerLevel[New World]'/minecraft:the_end
[17Feb2025 18:26:46.889] [Server thread/INFO] [net.minecraft.server.network.ServerGamePacketListenerImpl/]: Dev lost connection: Disconnected
[17Feb2025 18:26:46.891] [Server thread/INFO] [net.minecraft.server.MinecraftServer/]: Dev left the game
[17Feb2025 18:26:46.972] [Server thread/INFO] [net.minecraft.server.network.ServerCommonPacketListenerImpl/]: Stopping singleplayer server as player logged out
[17Feb2025 18:26:47.067] [Server thread/INFO] [net.minecraft.server.MinecraftServer/]: Stopping server
[17Feb2025 18:26:47.068] [Server thread/INFO] [net.minecraft.server.MinecraftServer/]: Saving players
[17Feb2025 18:26:47.069] [Server thread/INFO] [net.minecraft.server.MinecraftServer/]: Saving worlds
[17Feb2025 18:26:47.251] [Server thread/INFO] [net.minecraft.server.MinecraftServer/]: Saving chunks for level 'ServerLevel[New World]'/minecraft:overworld
[17Feb2025 18:26:47.380] [Server thread/INFO] [net.minecraft.server.MinecraftServer/]: Saving chunks for level 'ServerLevel[New World]'/minecraft:the_nether
[17Feb2025 18:26:47.398] [Server thread/INFO] [net.minecraft.server.MinecraftServer/]: Saving chunks for level 'ServerLevel[New World]'/minecraft:the_end
[17Feb2025 18:26:47.457] [Server thread/INFO] [net.minecraft.server.MinecraftServer/]: ThreadedAnvilChunkStorage (New World): All chunks are saved
[17Feb2025 18:26:47.457] [Server thread/INFO] [net.minecraft.server.MinecraftServer/]: ThreadedAnvilChunkStorage (DIM-1): All chunks are saved
[17Feb2025 18:26:47.457] [Server thread/INFO] [net.minecraft.server.MinecraftServer/]: ThreadedAnvilChunkStorage (DIM1): All chunks are saved
[17Feb2025 18:26:47.458] [Server thread/INFO] [net.minecraft.server.MinecraftServer/]: ThreadedAnvilChunkStorage: All dimensions are saved
[17Feb2025 18:26:48.585] [Render thread/INFO] [net.minecraft.client.Minecraft/]: Stopping!
